/home/chris/Documenti/
# timestamp | duration | file | instruction | dir | modtime | etag | size | fileId | status | errorString | http result code | other size | other modtime | X-Request-ID
#=#=#=# Syncrun started 2025-08-25T10:59:18Z
#=#=#=#=# Propagation starts 2025-08-25T10:59:18Z (last step: 38 msec, total: 38 msec)
#=#=#=# Syncrun finished 2025-08-25T10:59:18Z (last step: 7 msec, total: 46 msec)
#=#=#=# Syncrun started 2025-08-25T10:59:44Z
#=#=#=#=# Propagation starts 2025-08-25T10:59:44Z (last step: 36 msec, total: 36 msec)
#=#=#=# Syncrun finished 2025-08-25T10:59:44Z (last step: 7 msec, total: 44 msec)
#=#=#=# Syncrun started 2025-08-25T11:00:38Z
#=#=#=#=# Propagation starts 2025-08-25T11:00:38Z (last step: 44 msec, total: 44 msec)
#=#=#=# Syncrun finished 2025-08-25T11:00:38Z (last step: 7 msec, total: 52 msec)
#=#=#=# Syncrun started 2025-08-25T11:01:23Z
#=#=#=#=# Propagation starts 2025-08-25T11:01:23Z (last step: 41 msec, total: 41 msec)
#=#=#=# Syncrun finished 2025-08-25T11:01:23Z (last step: 7 msec, total: 49 msec)
#=#=#=# Syncrun started 2025-08-25T11:02:06Z
#=#=#=#=# Propagation starts 2025-08-25T11:02:06Z (last step: 59 msec, total: 59 msec)
#=#=#=# Syncrun finished 2025-08-25T11:02:06Z (last step: 8 msec, total: 67 msec)
#=#=#=# Syncrun started 2025-08-25T11:02:33Z
#=#=#=#=# Propagation starts 2025-08-25T11:02:33Z (last step: 51 msec, total: 51 msec)
#=#=#=# Syncrun finished 2025-08-25T11:02:33Z (last step: 7 msec, total: 58 msec)
#=#=#=# Syncrun started 2025-08-25T11:03:49Z
#=#=#=#=# Propagation starts 2025-08-25T11:03:49Z (last step: 40 msec, total: 40 msec)
#=#=#=# Syncrun finished 2025-08-25T11:03:49Z (last step: 8 msec, total: 48 msec)
#=#=#=# Syncrun started 2025-08-25T11:07:26Z
#=#=#=#=# Propagation starts 2025-08-25T11:07:27Z (last step: 190 msec, total: 190 msec)
#=#=#=# Syncrun finished 2025-08-25T11:07:27Z (last step: 9 msec, total: 199 msec)
#=#=#=# Syncrun started 2025-08-25T11:39:35Z
#=#=#=#=# Propagation starts 2025-08-25T11:39:35Z (last step: 192 msec, total: 192 msec)
#=#=#=# Syncrun finished 2025-08-25T11:39:35Z (last step: 8 msec, total: 201 msec)
