/home/chris/Immagini/
# timestamp | duration | file | instruction | dir | modtime | etag | size | fileId | status | errorString | http result code | other size | other modtime | X-Request-ID
#=#=#=# Syncrun started 2025-08-24T13:44:21Z
#=#=#=#=# Propagation starts 2025-08-24T13:44:22Z (last step: 945 msec, total: 945 msec)
13:44:23||Schermate|8|1|1756039917||390|00000157ocwp0xgcf762|13|Errore sconosciuto|201|0|0|fff6212b-7ee4-4894-af2e-386a7d4d78cc|
13:44:31||Schermate/Screenshot From 2025-08-24 13-28-38.png|8|1|1756034918|aed299d65bded66bc2121edef444c876|373828|00000158ocwp0xgcf762|13||201|0|0|79f1a23c-da99-4203-8e74-422556ddf443|
13:44:40||Schermate/Screenshot From 2025-08-24 13-28-00.png|8|1|1756034880|46949a75cd825933a4136a1ed0e3f440|269057|00000159ocwp0xgcf762|13||201|0|0|bb185b2f-ca0c-499b-b459-039be91b8fe4|
13:44:40||Schermate/Screenshot From 2025-08-24 14-51-57.png|8|1|1756039917|1f5721466da9108d48bbec5268e05a3b|369932|00000160ocwp0xgcf762|13||201|0|0|95cb202a-da1e-424c-a827-e3728e5c5849|
13:44:45||Schermate/Screenshot From 2025-08-24 13-29-51.png|8|1|1756034991|615591fbaf55fd60b638a38fa66337ae|321235|00000161ocwp0xgcf762|13||201|0|0|a9a60a4c-da95-4f54-90ac-cac23ffb670c|
13:45:06||Schermate/Screenshot From 2025-08-24 14-49-05.png|8|1|1756039745|57a2cdacb5266fc9895d629720341b0a|634425|00000197ocwp0xgcf762|13||201|0|0|58aa5728-cd96-4520-a379-7668bf5a4861|
#=#=#=# Syncrun finished 2025-08-24T13:45:06Z (last step: 44153 msec, total: 45098 msec)
#=#=#=# Syncrun started 2025-08-24T13:46:08Z
#=#=#=#=# Propagation starts 2025-08-24T13:46:13Z (last step: 4912 msec, total: 4912 msec)
#=#=#=# Syncrun finished 2025-08-24T13:46:13Z (last step: 7 msec, total: 4920 msec)
#=#=#=# Syncrun started 2025-08-24T13:46:40Z
#=#=#=#=# Propagation starts 2025-08-24T13:46:43Z (last step: 2030 msec, total: 2030 msec)
#=#=#=# Syncrun finished 2025-08-24T13:46:43Z (last step: 6 msec, total: 2037 msec)
#=#=#=# Syncrun started 2025-08-24T13:55:35Z
#=#=#=#=# Propagation starts 2025-08-24T13:56:35Z (last step: 60433 msec, total: 60433 msec)
13:57:25||Schermate/Screenshot From 2025-08-24 15-55-32.png|8|1|1756043732|04355c772c7a2af1156eea01e8ce895e|187565|00000208ocwp0xgcf762|13||201|0|0|1c34b39a-361f-400f-b43c-888452dc8a41|
#=#=#=# Syncrun finished 2025-08-24T13:57:25Z (last step: 50077 msec, total: 110511 msec)
#=#=#=# Syncrun started 2025-08-24T13:57:41Z
#=#=#=#=# Propagation starts 2025-08-24T13:58:13Z (last step: 32227 msec, total: 32227 msec)
13:58:44||Schermate/Screenshot From 2025-08-24 15-57-03.png|8|1|1756043823|d1a1a7b1f247efd47c4830974ea4e11f|187475|00000209ocwp0xgcf762|13||201|0|0|a01a6d2c-20f8-493e-8a9d-965e548f8154|
#=#=#=# Syncrun finished 2025-08-24T13:59:00Z (last step: 47108 msec, total: 79335 msec)
#=#=#=# Syncrun started 2025-08-24T13:59:14Z
#=#=#=#=# Propagation starts 2025-08-24T13:59:44Z (last step: 29849 msec, total: 29849 msec)
#=#=#=# Syncrun finished 2025-08-24T13:59:44Z (last step: 8 msec, total: 29857 msec)
#=#=#=# Syncrun started 2025-08-24T13:59:53Z
#=#=#=#=# Propagation starts 2025-08-24T13:59:53Z (last step: 471 msec, total: 471 msec)
#=#=#=# Syncrun finished 2025-08-24T13:59:53Z (last step: 6 msec, total: 478 msec)
#=#=#=# Syncrun started 2025-08-24T14:00:37Z
#=#=#=#=# Propagation starts 2025-08-24T14:00:37Z (last step: 293 msec, total: 293 msec)
#=#=#=# Syncrun finished 2025-08-24T14:00:37Z (last step: 7 msec, total: 300 msec)
