/home/chris/Progetti/
# timestamp | duration | file | instruction | dir | modtime | etag | size | fileId | status | errorString | http result code | other size | other modtime | X-Request-ID
#=#=#=# Syncrun started 2025-08-25T11:00:39Z
#=#=#=#=# Propagation starts 2025-08-25T11:00:39Z (last step: 40 msec, total: 40 msec)
#=#=#=# Syncrun finished 2025-08-25T11:00:39Z (last step: 7 msec, total: 47 msec)
#=#=#=# Syncrun started 2025-08-25T11:01:24Z
#=#=#=#=# Propagation starts 2025-08-25T11:01:24Z (last step: 39 msec, total: 39 msec)
#=#=#=# Syncrun finished 2025-08-25T11:01:24Z (last step: 7 msec, total: 46 msec)
#=#=#=# Syncrun started 2025-08-25T11:02:07Z
#=#=#=#=# Propagation starts 2025-08-25T11:02:07Z (last step: 39 msec, total: 39 msec)
#=#=#=# Syncrun finished 2025-08-25T11:02:07Z (last step: 7 msec, total: 46 msec)
#=#=#=# Syncrun started 2025-08-25T11:02:34Z
#=#=#=#=# Propagation starts 2025-08-25T11:02:34Z (last step: 42 msec, total: 42 msec)
#=#=#=# Syncrun finished 2025-08-25T11:02:34Z (last step: 7 msec, total: 50 msec)
#=#=#=# Syncrun started 2025-08-25T11:03:49Z
#=#=#=#=# Propagation starts 2025-08-25T11:03:49Z (last step: 36 msec, total: 36 msec)
#=#=#=# Syncrun finished 2025-08-25T11:03:49Z (last step: 7 msec, total: 44 msec)
#=#=#=# Syncrun started 2025-08-25T11:07:28Z
#=#=#=#=# Propagation starts 2025-08-25T11:07:28Z (last step: 185 msec, total: 185 msec)
#=#=#=# Syncrun finished 2025-08-25T11:07:28Z (last step: 9 msec, total: 195 msec)
#=#=#=# Syncrun started 2025-08-25T11:39:37Z
#=#=#=#=# Propagation starts 2025-08-25T11:39:37Z (last step: 212 msec, total: 212 msec)
#=#=#=# Syncrun finished 2025-08-25T11:39:37Z (last step: 9 msec, total: 222 msec)
