/home/chris/Scaricati/
# timestamp | duration | file | instruction | dir | modtime | etag | size | fileId | status | errorString | http result code | other size | other modtime | X-Request-ID
#=#=#=# Syncrun started 2025-08-25T10:59:44Z
#=#=#=#=# Propagation starts 2025-08-25T10:59:44Z (last step: 36 msec, total: 36 msec)
#=#=#=# Syncrun finished 2025-08-25T10:59:44Z (last step: 7 msec, total: 43 msec)
#=#=#=# Syncrun started 2025-08-25T11:00:38Z
#=#=#=#=# Propagation starts 2025-08-25T11:00:38Z (last step: 39 msec, total: 39 msec)
#=#=#=# Syncrun finished 2025-08-25T11:00:38Z (last step: 7 msec, total: 46 msec)
#=#=#=# Syncrun started 2025-08-25T11:01:24Z
#=#=#=#=# Propagation starts 2025-08-25T11:01:24Z (last step: 40 msec, total: 40 msec)
#=#=#=# Syncrun finished 2025-08-25T11:01:24Z (last step: 7 msec, total: 48 msec)
#=#=#=# Syncrun started 2025-08-25T11:02:06Z
#=#=#=#=# Propagation starts 2025-08-25T11:02:06Z (last step: 37 msec, total: 37 msec)
#=#=#=# Syncrun finished 2025-08-25T11:02:06Z (last step: 7 msec, total: 44 msec)
#=#=#=# Syncrun started 2025-08-25T11:02:34Z
#=#=#=#=# Propagation starts 2025-08-25T11:02:34Z (last step: 66 msec, total: 66 msec)
#=#=#=# Syncrun finished 2025-08-25T11:02:34Z (last step: 8 msec, total: 74 msec)
#=#=#=# Syncrun started 2025-08-25T11:03:49Z
#=#=#=#=# Propagation starts 2025-08-25T11:03:49Z (last step: 39 msec, total: 39 msec)
#=#=#=# Syncrun finished 2025-08-25T11:03:49Z (last step: 7 msec, total: 47 msec)
#=#=#=# Syncrun started 2025-08-25T11:07:27Z
#=#=#=#=# Propagation starts 2025-08-25T11:07:28Z (last step: 187 msec, total: 187 msec)
#=#=#=# Syncrun finished 2025-08-25T11:07:28Z (last step: 10 msec, total: 197 msec)
#=#=#=# Syncrun started 2025-08-25T11:39:36Z
#=#=#=#=# Propagation starts 2025-08-25T11:39:36Z (last step: 197 msec, total: 197 msec)
#=#=#=# Syncrun finished 2025-08-25T11:39:36Z (last step: 8 msec, total: 206 msec)
